<?xml version="1.0" encoding="UTF-8"?>
<!-- Generated by org.testng.reporters.JUnitXMLReporter -->
<testsuite ignored="10" hostname="IN-PG02H7X8" failures="0" tests="11" name="Command line test" time="77.983" errors="0" timestamp="2023-09-12T00:32:13 IST">
  <testcase classname="restfull.booking.DeleteBookingTest" name="DeleteBookingTest01_WhenValidRequst_ShouldReturn200" time="3.555"/>
  <testcase classname="restfull.booking.DeleteBookingTest" name="DeleteBookingTest02_WhenInvalidRequst_ShouldReturn400" time="1.607"/>
  <testcase classname="restfull.booking.GetBookingIdsTest" name="GetBookingIdsTest01_WhenValidRequst_ShouldReturn200" time="2.523"/>
  <testcase classname="restfull.booking.GetBookingIdTest" name="GetBookingIdTest01_WhenValidRequst_ShouldReturn200" time="3.599"/>
  <testcase classname="restfull.booking.GetBookingIdTest" name="GetBookingIdTest02_WhenValidRequst_ValidateField" time="3.225"/>
  <testcase classname="restfull.booking.GetBookingIdTest" name="GetBookingIdTest03_WhenInvalidRequst_shouldreturn404" time="1.931"/>
  <testcase classname="restfull.booking.PatchPartialUpdateBookingTest" name="PatchPartialUpdateBookingTest01_WhenValidRequst_ShouldReturn200" time="2.591"/>
  <testcase classname="restfull.booking.PostCreateBookingTest" name="PostCreateBookingTest01_WhenValidRequst_ShouldReturn200" time="2.97"/>
  <testcase classname="restfull.booking.PostCreateBookingTest" name="PostCreateBookingTest02_WhenValidRequst_ValidateResponseValue" time="2.789"/>
  <testcase classname="restfull.booking.PutUpdateBookingTest" name="PutUpdateBookingTest01_WhenValidRequst_ShouldReturn200" time="1.852"/>
  <testcase classname="restfull.booking.PutUpdateBookingTest" name="PutUpdateBookingTest02_WhenTokenInvalid_ShouldReturn403" time="1.768"/>
  <testcase classname="RestfulBooker.base.TestBase" name="@AfterSuite tearDown" time="0.0">
    <ignored/>
  </testcase> <!-- @AfterSuite tearDown -->
  <testcase classname="RestfulBooker.base.TestBase" name="@AfterSuite tearDown" time="0.0">
    <ignored/>
  </testcase> <!-- @AfterSuite tearDown -->
  <testcase classname="RestfulBooker.base.TestBase" name="@AfterSuite tearDown" time="0.0">
    <ignored/>
  </testcase> <!-- @AfterSuite tearDown -->
  <testcase classname="RestfulBooker.base.TestBase" name="@AfterSuite tearDown" time="0.0">
    <ignored/>
  </testcase> <!-- @AfterSuite tearDown -->
  <testcase classname="RestfulBooker.base.TestBase" name="@AfterSuite tearDown" time="0.0">
    <ignored/>
  </testcase> <!-- @AfterSuite tearDown -->
  <testcase classname="RestfulBooker.base.TestBase" name="@BeforeSuite BeforeSuite" time="0.0">
    <ignored/>
  </testcase> <!-- @BeforeSuite BeforeSuite -->
  <testcase classname="RestfulBooker.base.TestBase" name="@BeforeSuite BeforeSuite" time="0.0">
    <ignored/>
  </testcase> <!-- @BeforeSuite BeforeSuite -->
  <testcase classname="RestfulBooker.base.TestBase" name="@BeforeSuite BeforeSuite" time="0.0">
    <ignored/>
  </testcase> <!-- @BeforeSuite BeforeSuite -->
  <testcase classname="RestfulBooker.base.TestBase" name="@BeforeSuite BeforeSuite" time="0.0">
    <ignored/>
  </testcase> <!-- @BeforeSuite BeforeSuite -->
  <testcase classname="RestfulBooker.base.TestBase" name="@BeforeSuite BeforeSuite" time="0.0">
    <ignored/>
  </testcase> <!-- @BeforeSuite BeforeSuite -->
</testsuite> <!-- Command line test -->
