<?xml version="1.0" encoding="UTF-8" ?>
<testsuite tests="11" failures="0" name="TestSuite" time="28.694" errors="0" skipped="0">
  <properties>
[...]
</properties>
  <testcase classname="restfull.booking.DeleteBookingTest" name="DeleteBookingTest01_WhenValidRequst_ShouldReturn200" time="3.562"/>
  <testcase classname="restfull.booking.DeleteBookingTest" name="DeleteBookingTest02_WhenInvalidRequst_ShouldReturn400" time="1.608"/>
  <testcase classname="restfull.booking.GetBookingIdsTest" name="GetBookingIdsTest01_WhenValidRequst_ShouldReturn200" time="2.799"/>
  <testcase classname="restfull.booking.GetBookingIdTest" name="GetBookingIdTest01_WhenValidRequst_ShouldReturn200" time="3.599"/>
  <testcase classname="restfull.booking.GetBookingIdTest" name="GetBookingIdTest02_WhenValidRequst_ValidateField" time="3.225"/>
  <testcase classname="restfull.booking.GetBookingIdTest" name="GetBookingIdTest03_WhenInvalidRequst_shouldreturn404" time="1.93"/>
  <testcase classname="restfull.booking.PatchPartialUpdateBookingTest" name="PatchPartialUpdateBookingTest01_WhenValidRequst_ShouldReturn200" time="2.591"/>
  <testcase classname="restfull.booking.PostCreateBookingTest" name="PostCreateBookingTest01_WhenValidRequst_ShouldReturn200" time="2.971"/>
  <testcase classname="restfull.booking.PostCreateBookingTest" name="PostCreateBookingTest02_WhenValidRequst_ValidateResponseValue" time="2.789"/>
  <testcase classname="restfull.booking.PutUpdateBookingTest" name="PutUpdateBookingTest01_WhenValidRequst_ShouldReturn200" time="1.852"/>
  <testcase classname="restfull.booking.PutUpdateBookingTest" name="PutUpdateBookingTest02_WhenTokenInvalid_ShouldReturn403" time="1.768"/>
</testsuite>